[2026-04-16 04:57:51] ERROR: View rendering error for 'sections/home/laragon-academy': Failed opening required '/Users/macvn/Documents/www/laragon.net/content/themes/giao-dien-web/templates/sections/home/../tutorial/tutorial-sidebar-data.php' (include_path='.:/usr/local/Cellar/php@8.1/8.1.33/share/php@8.1/pear')
[2026-04-16 04:57:55] ERROR: View rendering error for 'sections/home/laragon-academy': Failed opening required '/Users/macvn/Documents/www/laragon.net/content/themes/giao-dien-web/templates/sections/home/../tutorial/tutorial-sidebar-data.php' (include_path='.:/usr/local/Cellar/php@8.1/8.1.33/share/php@8.1/pear')
[2026-04-16 04:58:18] ERROR: View rendering error for 'sections/home/laragon-academy': Failed opening required '/Users/macvn/Documents/www/laragon.net/content/themes/giao-dien-web/templates/sections/home/../tutorial/tutorial-sidebar-data.php' (include_path='.:/usr/local/Cellar/php@8.1/8.1.33/share/php@8.1/pear')
[2026-04-16 04:58:22] ERROR: View rendering error for 'sections/home/laragon-academy': Failed opening required '/Users/macvn/Documents/www/laragon.net/content/themes/giao-dien-web/templates/sections/home/../tutorial/tutorial-sidebar-data.php' (include_path='.:/usr/local/Cellar/php@8.1/8.1.33/share/php@8.1/pear')
[2026-04-16 04:58:48] ERROR: View rendering error for 'sections/home/laragon-academy': Failed opening required '/Users/macvn/Documents/www/laragon.net/content/themes/giao-dien-web/templates/sections/home/../tutorial/tutorial-sidebar-data.php' (include_path='.:/usr/local/Cellar/php@8.1/8.1.33/share/php@8.1/pear')
[2026-04-16 04:58:49] ERROR: View rendering error for 'sections/home/laragon-academy': Failed opening required '/Users/macvn/Documents/www/laragon.net/content/themes/giao-dien-web/templates/sections/home/../tutorial/tutorial-sidebar-data.php' (include_path='.:/usr/local/Cellar/php@8.1/8.1.33/share/php@8.1/pear')
[2026-04-16 04:58:53] ERROR: View rendering error for 'sections/home/laragon-academy': Failed opening required '/Users/macvn/Documents/www/laragon.net/content/themes/giao-dien-web/templates/sections/home/../tutorial/tutorial-sidebar-data.php' (include_path='.:/usr/local/Cellar/php@8.1/8.1.33/share/php@8.1/pear')
[2026-04-16 04:58:54] ERROR: View rendering error for 'sections/home/laragon-academy': Failed opening required '/Users/macvn/Documents/www/laragon.net/content/themes/giao-dien-web/templates/sections/home/../tutorial/tutorial-sidebar-data.php' (include_path='.:/usr/local/Cellar/php@8.1/8.1.33/share/php@8.1/pear')
[2026-04-16 04:58:54] ERROR: View rendering error for 'sections/home/laragon-academy': Failed opening required '/Users/macvn/Documents/www/laragon.net/content/themes/giao-dien-web/templates/sections/home/../tutorial/tutorial-sidebar-data.php' (include_path='.:/usr/local/Cellar/php@8.1/8.1.33/share/php@8.1/pear')
[2026-04-16 04:58:55] ERROR: View rendering error for 'sections/home/laragon-academy': Failed opening required '/Users/macvn/Documents/www/laragon.net/content/themes/giao-dien-web/templates/sections/home/../tutorial/tutorial-sidebar-data.php' (include_path='.:/usr/local/Cellar/php@8.1/8.1.33/share/php@8.1/pear')
[2026-04-16 04:59:31] ERROR: View rendering error for 'sections/home/laragon-academy': Failed opening required '/Users/macvn/Documents/www/laragon.net/content/themes/giao-dien-web/templates/sections/home/../tutorial/tutorial-sidebar-data.php' (include_path='.:/usr/local/Cellar/php@8.1/8.1.33/share/php@8.1/pear')
[2026-04-16 04:59:31] ERROR: Debugbar injection failed: Component 'Common/Debugbar/debugbar' does not exist at path '/Users/macvn/Documents/www/laragon.net/content/themes/giao-dien-web/Common/Debugbar/debugbar.php'.
[2026-04-16 04:59:44] ERROR: View rendering error for 'sections/home/laragon-academy': Failed opening required '/Users/macvn/Documents/www/laragon.net/content/themes/giao-dien-web/templates/sections/home/../tutorial/tutorial-sidebar-data.php' (include_path='.:/usr/local/Cellar/php@8.1/8.1.33/share/php@8.1/pear')
[2026-04-16 05:00:12] ERROR: View rendering error for 'sections/home/laragon-academy': Failed opening required '/Users/macvn/Documents/www/laragon.net/content/themes/giao-dien-web/templates/sections/home/../tutorial/tutorial-sidebar-data.php' (include_path='.:/usr/local/Cellar/php@8.1/8.1.33/share/php@8.1/pear')
[2026-04-16 05:00:35] ERROR: View rendering error for 'sections/home/laragon-academy': Failed opening required '/Users/macvn/Documents/www/laragon.net/content/themes/giao-dien-web/templates/sections/home/../tutorial/tutorial-sidebar-data.php' (include_path='.:/usr/local/Cellar/php@8.1/8.1.33/share/php@8.1/pear')
[2026-04-16 05:00:46] ERROR: View rendering error for 'sections/home/laragon-academy': Failed opening required '/Users/macvn/Documents/www/laragon.net/content/themes/giao-dien-web/templates/sections/home/../tutorial/tutorial-sidebar-data.php' (include_path='.:/usr/local/Cellar/php@8.1/8.1.33/share/php@8.1/pear')
[2026-04-16 05:01:17] ERROR: View rendering error for 'sections/home/laragon-academy': Failed opening required '/Users/macvn/Documents/www/laragon.net/content/themes/giao-dien-web/templates/sections/home/../tutorial/tutorial-sidebar-data.php' (include_path='.:/usr/local/Cellar/php@8.1/8.1.33/share/php@8.1/pear')
[2026-04-16 05:01:50] ERROR: View rendering error for 'sections/home/laragon-academy': Failed opening required '/Users/macvn/Documents/www/laragon.net/content/themes/giao-dien-web/templates/sections/home/../tutorial/tutorial-sidebar-data.php' (include_path='.:/usr/local/Cellar/php@8.1/8.1.33/share/php@8.1/pear')
[2026-04-16 05:01:54] ERROR: View rendering error for 'sections/home/laragon-academy': Failed opening required '/Users/macvn/Documents/www/laragon.net/content/themes/giao-dien-web/templates/sections/home/../tutorial/tutorial-sidebar-data.php' (include_path='.:/usr/local/Cellar/php@8.1/8.1.33/share/php@8.1/pear')
[2026-04-16 05:02:04] ERROR: View rendering error for 'sections/home/laragon-academy': Failed opening required '/Users/macvn/Documents/www/laragon.net/content/themes/giao-dien-web/templates/sections/home/../tutorial/tutorial-sidebar-data.php' (include_path='.:/usr/local/Cellar/php@8.1/8.1.33/share/php@8.1/pear')
[2026-04-16 05:02:08] ERROR: View rendering error for 'sections/home/laragon-academy': Failed opening required '/Users/macvn/Documents/www/laragon.net/content/themes/giao-dien-web/templates/sections/home/../tutorial/tutorial-sidebar-data.php' (include_path='.:/usr/local/Cellar/php@8.1/8.1.33/share/php@8.1/pear')
[2026-04-16 05:02:13] ERROR: View rendering error for 'sections/home/laragon-academy': Failed opening required '/Users/macvn/Documents/www/laragon.net/content/themes/giao-dien-web/templates/sections/home/../tutorial/tutorial-sidebar-data.php' (include_path='.:/usr/local/Cellar/php@8.1/8.1.33/share/php@8.1/pear')
[2026-04-16 05:02:24] ERROR: View rendering error for 'sections/home/laragon-academy': Failed opening required '/Users/macvn/Documents/www/laragon.net/content/themes/giao-dien-web/templates/sections/home/../tutorial/tutorial-sidebar-data.php' (include_path='.:/usr/local/Cellar/php@8.1/8.1.33/share/php@8.1/pear')
[2026-04-16 05:02:36] ERROR: View rendering error for 'sections/home/laragon-academy': Failed opening required '/Users/macvn/Documents/www/laragon.net/content/themes/giao-dien-web/templates/sections/home/../tutorial/tutorial-sidebar-data.php' (include_path='.:/usr/local/Cellar/php@8.1/8.1.33/share/php@8.1/pear')
[2026-04-16 05:03:00] ERROR: View rendering error for 'sections/home/laragon-academy': Failed opening required '/Users/macvn/Documents/www/laragon.net/content/themes/giao-dien-web/templates/sections/home/../tutorial/tutorial-sidebar-data.php' (include_path='.:/usr/local/Cellar/php@8.1/8.1.33/share/php@8.1/pear')
[2026-04-16 05:03:03] ERROR: View rendering error for 'sections/home/laragon-academy': Failed opening required '/Users/macvn/Documents/www/laragon.net/content/themes/giao-dien-web/templates/sections/home/../tutorial/tutorial-sidebar-data.php' (include_path='.:/usr/local/Cellar/php@8.1/8.1.33/share/php@8.1/pear')
[2026-04-16 05:03:06] ERROR: View rendering error for 'sections/home/laragon-academy': Failed opening required '/Users/macvn/Documents/www/laragon.net/content/themes/giao-dien-web/templates/sections/home/../tutorial/tutorial-sidebar-data.php' (include_path='.:/usr/local/Cellar/php@8.1/8.1.33/share/php@8.1/pear')
[2026-04-16 05:03:34] ERROR: View rendering error for 'sections/home/laragon-academy': Failed opening required '/Users/macvn/Documents/www/laragon.net/content/themes/giao-dien-web/templates/sections/home/../tutorial/tutorial-sidebar-data.php' (include_path='.:/usr/local/Cellar/php@8.1/8.1.33/share/php@8.1/pear')
[2026-04-16 05:10:19] ERROR: View::include 'sections/home/laragon-academy': Failed opening required '/Users/macvn/Documents/www/laragon.net/content/themes/giao-dien-web/templates/sections/home/../tutorial/tutorial-sidebar-data.php' (include_path='.:/usr/local/Cellar/php@8.1/8.1.33/share/php@8.1/pear')
[2026-04-16 05:21:51] ERROR: View::include 'sections/blog/blog-detail': Template 'sections/blog/blog-detail' not found (namespace: web).
[2026-04-16 05:21:55] ERROR: View::include 'sections/blog/blog-detail': Template 'sections/blog/blog-detail' not found (namespace: web).
[2026-04-16 05:24:02] ERROR: Debugbar injection failed: Component 'Common/Debugbar/debugbar' does not exist at path '/Users/macvn/Documents/www/laragon.net/content/themes/giao-dien-web/Common/Debugbar/debugbar.php'.
[2026-04-16 05:24:03] ERROR: Debugbar injection failed: Component 'Common/Debugbar/debugbar' does not exist at path '/Users/macvn/Documents/www/laragon.net/content/themes/giao-dien-web/Common/Debugbar/debugbar.php'.
[2026-04-16 05:24:07] ERROR: Debugbar injection failed: Component 'Common/Debugbar/debugbar' does not exist at path '/Users/macvn/Documents/www/laragon.net/content/themes/giao-dien-web/Common/Debugbar/debugbar.php'.
[2026-04-16 05:24:13] ERROR: Debugbar injection failed: Component 'Common/Debugbar/debugbar' does not exist at path '/Users/macvn/Documents/www/laragon.net/content/themes/giao-dien-web/Common/Debugbar/debugbar.php'.
[2026-04-16 05:24:15] ERROR: Debugbar injection failed: Component 'Common/Debugbar/debugbar' does not exist at path '/Users/macvn/Documents/www/laragon.net/content/themes/giao-dien-web/Common/Debugbar/debugbar.php'.
[2026-04-16 05:24:17] ERROR: Debugbar injection failed: Component 'Common/Debugbar/debugbar' does not exist at path '/Users/macvn/Documents/www/laragon.net/content/themes/giao-dien-web/Common/Debugbar/debugbar.php'.
[2026-04-16 05:26:24] ERROR: Debugbar injection failed: Component 'Common/Debugbar/debugbar' does not exist at path '/Users/macvn/Documents/www/laragon.net/content/themes/giao-dien-web/Common/Debugbar/debugbar.php'.
[2026-04-16 05:26:25] ERROR: Debugbar injection failed: Component 'Common/Debugbar/debugbar' does not exist at path '/Users/macvn/Documents/www/laragon.net/content/themes/giao-dien-web/Common/Debugbar/debugbar.php'.
[2026-04-16 05:26:26] ERROR: Debugbar injection failed: Component 'Common/Debugbar/debugbar' does not exist at path '/Users/macvn/Documents/www/laragon.net/content/themes/giao-dien-web/Common/Debugbar/debugbar.php'.
[2026-04-16 05:26:29] ERROR: Debugbar injection failed: Component 'Common/Debugbar/debugbar' does not exist at path '/Users/macvn/Documents/www/laragon.net/content/themes/giao-dien-web/Common/Debugbar/debugbar.php'.
[2026-04-16 05:28:57] ERROR: Debugbar injection failed: Component 'Common/Debugbar/debugbar' does not exist at path '/Users/macvn/Documents/www/laragon.net/content/themes/giao-dien-web/Common/Debugbar/debugbar.php'.
[2026-04-16 05:29:12] ERROR: Debugbar injection failed: Component 'Common/Debugbar/debugbar' does not exist at path '/Users/macvn/Documents/www/laragon.net/content/themes/giao-dien-web/Common/Debugbar/debugbar.php'.
[2026-04-16 05:29:18] ERROR: Debugbar injection failed: Component 'Common/Debugbar/debugbar' does not exist at path '/Users/macvn/Documents/www/laragon.net/content/themes/giao-dien-web/Common/Debugbar/debugbar.php'.
[2026-04-16 05:29:18] ERROR: Debugbar injection failed: Component 'Common/Debugbar/debugbar' does not exist at path '/Users/macvn/Documents/www/laragon.net/content/themes/giao-dien-web/Common/Debugbar/debugbar.php'.
[2026-04-16 05:29:32] ERROR: Debugbar injection failed: Component 'Common/Debugbar/debugbar' does not exist at path '/Users/macvn/Documents/www/laragon.net/content/themes/giao-dien-web/Common/Debugbar/debugbar.php'.
[2026-04-16 05:29:36] ERROR: Debugbar injection failed: Component 'Common/Debugbar/debugbar' does not exist at path '/Users/macvn/Documents/www/laragon.net/content/themes/giao-dien-web/Common/Debugbar/debugbar.php'.
[2026-04-16 05:29:37] ERROR: Debugbar injection failed: Component 'Common/Debugbar/debugbar' does not exist at path '/Users/macvn/Documents/www/laragon.net/content/themes/giao-dien-web/Common/Debugbar/debugbar.php'.
[2026-04-16 05:29:43] ERROR: Debugbar injection failed: Component 'Common/Debugbar/debugbar' does not exist at path '/Users/macvn/Documents/www/laragon.net/content/themes/giao-dien-web/Common/Debugbar/debugbar.php'.
[2026-04-16 05:29:54] ERROR: Debugbar injection failed: Component 'Common/Debugbar/debugbar' does not exist at path '/Users/macvn/Documents/www/laragon.net/content/themes/giao-dien-web/Common/Debugbar/debugbar.php'.
[2026-04-16 05:29:55] ERROR: Debugbar injection failed: Component 'Common/Debugbar/debugbar' does not exist at path '/Users/macvn/Documents/www/laragon.net/content/themes/giao-dien-web/Common/Debugbar/debugbar.php'.
[2026-04-16 05:30:02] ERROR: Debugbar injection failed: Component 'Common/Debugbar/debugbar' does not exist at path '/Users/macvn/Documents/www/laragon.net/content/themes/giao-dien-web/Common/Debugbar/debugbar.php'.
[2026-04-16 05:43:57] ERROR: Layout 'home_index' not found. in /Users/macvn/Documents/www/laragon.net/system/Core/Bootstrap.php on line 412
[2026-04-16 05:43:57] ERROR: Layout 'home_index' not found. in /Users/macvn/Documents/www/laragon.net/system/Core/Bootstrap.php on line 412
[2026-04-16 05:43:58] ERROR: Layout 'home_index' not found. in /Users/macvn/Documents/www/laragon.net/system/Core/Bootstrap.php on line 412
[2026-04-16 05:43:58] ERROR: Layout 'home_index' not found. in /Users/macvn/Documents/www/laragon.net/system/Core/Bootstrap.php on line 412
[2026-04-16 06:02:28] ERROR: Layout 'home_index' not found. in /Users/macvn/Documents/www/laragon.net/system/Core/Bootstrap.php on line 412
[2026-04-16 06:02:29] ERROR: Layout 'home_index' not found. in /Users/macvn/Documents/www/laragon.net/system/Core/Bootstrap.php on line 412
[2026-04-16 06:03:10] ERROR: Layout 'home_index' not found. in /Users/macvn/Documents/www/laragon.net/system/Core/Bootstrap.php on line 412
[2026-04-16 06:03:11] ERROR: Layout 'home_index' not found. in /Users/macvn/Documents/www/laragon.net/system/Core/Bootstrap.php on line 412
[2026-04-16 06:03:21] ERROR: View rendering error for 'profile': Template not found: profile (namespace: Common/Auth)
[2026-04-16 06:03:22] ERROR: View rendering error for 'profile': Template not found: profile (namespace: Common/Auth)
[2026-04-16 06:03:22] ERROR: View rendering error for 'profile': Template not found: profile (namespace: Common/Auth)
[2026-04-16 06:03:23] ERROR: View rendering error for 'profile': Template not found: profile (namespace: Common/Auth)
[2026-04-16 06:05:56] ERROR: View rendering error for 'profile': Template not found: profile (namespace: Common/Auth)
[2026-04-16 06:06:33] ERROR: View rendering error for 'profile': Template not found: profile (namespace: Common/Auth)
[2026-04-16 06:08:13] ERROR: View rendering error for 'profile': Template not found: profile (namespace: Common/Auth)
[2026-04-16 06:08:14] ERROR: View rendering error for 'profile': Template not found: profile (namespace: Common/Auth)
[2026-04-16 06:08:14] ERROR: View rendering error for 'profile': Template not found: profile (namespace: Common/Auth)
[2026-04-16 06:20:04] ERROR: Layout 'home_index' not found. in /Users/macvn/Documents/www/laragon.net/system/Core/Bootstrap.php on line 412
[2026-04-16 06:20:55] ERROR: Layout 'home_index' not found. in /Users/macvn/Documents/www/laragon.net/system/Core/Bootstrap.php on line 412
[2026-04-16 06:20:55] ERROR: Layout 'home_index' not found. in /Users/macvn/Documents/www/laragon.net/system/Core/Bootstrap.php on line 412
[2026-04-16 06:20:55] ERROR: Layout 'home_index' not found. in /Users/macvn/Documents/www/laragon.net/system/Core/Bootstrap.php on line 412
[2026-04-16 06:21:00] ERROR: Layout 'home_index' not found. in /Users/macvn/Documents/www/laragon.net/system/Core/Bootstrap.php on line 412
[2026-04-16 06:21:00] ERROR: Layout 'home_index' not found. in /Users/macvn/Documents/www/laragon.net/system/Core/Bootstrap.php on line 412
[2026-04-16 06:21:03] ERROR: Layout 'files_timeline' not found. in /Users/macvn/Documents/www/laragon.net/system/Core/Bootstrap.php on line 412
[2026-04-16 06:21:04] ERROR: Layout 'home_index' not found. in /Users/macvn/Documents/www/laragon.net/system/Core/Bootstrap.php on line 412
[2026-04-16 06:27:24] ERROR: View::include 'partials/layout/head': Template 'partials/layout/head' not found (namespace: admin).
[2026-04-16 06:27:24] ERROR: View::include 'partials/layout/sidebar': Template 'partials/layout/sidebar' not found (namespace: admin).
[2026-04-16 06:27:24] ERROR: View::include 'partials/layout/topbar': Template 'partials/layout/topbar' not found (namespace: admin).
[2026-04-16 06:27:24] ERROR: View::include 'partials/home/website-overview': Template 'partials/home/website-overview' not found (namespace: admin).
[2026-04-16 06:27:24] ERROR: View::include 'partials/layout/footer': Template 'partials/layout/footer' not found (namespace: admin).
[2026-04-16 06:51:33] ERROR: Layout 'posts_index' not found. in /Users/macvn/Documents/www/laragon.net/system/Core/Bootstrap.php on line 412
[2026-04-16 06:51:37] ERROR: You do not have permission to access this page!<div>App\Controllers\Backend\SdfsdfdsController->index()</div> in /Users/macvn/Documents/www/laragon.net/application/Middleware/RolesMiddleware.php on line 92
[2026-04-16 06:51:38] ERROR: You do not have permission to access this page!<div>App\Controllers\Backend\SdfsdfdsController->index()</div> in /Users/macvn/Documents/www/laragon.net/application/Middleware/RolesMiddleware.php on line 92
[2026-04-16 06:53:03] ERROR: Layout 'files_index' not found. in /Users/macvn/Documents/www/laragon.net/system/Core/Bootstrap.php on line 412
[2026-04-16 06:53:23] ERROR: Layout 'files_index' not found. in /Users/macvn/Documents/www/laragon.net/system/Core/Bootstrap.php on line 412
[2026-04-16 06:59:34] ERROR: View rendering error for 'posts_index': Component 'common/Pagination/pagination' does not exist at path '/Users/macvn/Documents/www/laragon.net/content/themes/giao-dien-admin/common/Pagination/pagination.php'.
[2026-04-16 08:11:34] ERROR: Layout 'files_index' not found. in /Users/macvn/Documents/www/laragon.net/system/Core/Bootstrap.php on line 412
[2026-04-16 08:11:34] ERROR: View rendering error for 'common/errors': Template not found: common/errors (namespace: admin)
[2026-04-16 08:11:36] ERROR: Layout 'files_index' not found. in /Users/macvn/Documents/www/laragon.net/system/Core/Bootstrap.php on line 412
[2026-04-16 08:11:36] ERROR: View rendering error for 'common/errors': Template not found: common/errors (namespace: admin)
[2026-04-16 08:11:38] ERROR: Layout 'files_index' not found. in /Users/macvn/Documents/www/laragon.net/system/Core/Bootstrap.php on line 412
[2026-04-16 08:11:38] ERROR: View rendering error for 'common/errors': Template not found: common/errors (namespace: admin)
[2026-04-16 08:11:44] ERROR: Layout 'users_index' not found. in /Users/macvn/Documents/www/laragon.net/system/Core/Bootstrap.php on line 412
[2026-04-16 08:11:44] ERROR: View rendering error for 'common/errors': Template not found: common/errors (namespace: admin)
[2026-04-16 08:11:45] ERROR: Layout 'users_index' not found. in /Users/macvn/Documents/www/laragon.net/system/Core/Bootstrap.php on line 412
[2026-04-16 08:11:45] ERROR: View rendering error for 'common/errors': Template not found: common/errors (namespace: admin)
[2026-04-16 08:12:04] ERROR: Layout 'users_index' not found. in /Users/macvn/Documents/www/laragon.net/system/Core/Bootstrap.php on line 412
[2026-04-16 08:12:04] ERROR: View rendering error for 'common/errors': Template not found: common/errors (namespace: admin)
[2026-04-16 08:12:06] ERROR: Layout 'files_index' not found. in /Users/macvn/Documents/www/laragon.net/system/Core/Bootstrap.php on line 412
[2026-04-16 08:12:06] ERROR: View rendering error for 'common/errors': Template not found: common/errors (namespace: admin)
[2026-04-16 08:12:06] ERROR: Layout 'files_index' not found. in /Users/macvn/Documents/www/laragon.net/system/Core/Bootstrap.php on line 412
[2026-04-16 08:12:06] ERROR: View rendering error for 'common/errors': Template not found: common/errors (namespace: admin)
[2026-04-16 08:12:12] ERROR: Layout 'files_index' not found. in /Users/macvn/Documents/www/laragon.net/system/Core/Bootstrap.php on line 412
[2026-04-16 08:12:12] ERROR: View rendering error for 'common/errors': Template not found: common/errors (namespace: admin)
[2026-04-16 08:12:13] ERROR: Layout 'files_index' not found. in /Users/macvn/Documents/www/laragon.net/system/Core/Bootstrap.php on line 412
[2026-04-16 08:12:13] ERROR: View rendering error for 'common/errors': Template not found: common/errors (namespace: admin)
[2026-04-16 08:12:13] ERROR: Layout 'files_index' not found. in /Users/macvn/Documents/www/laragon.net/system/Core/Bootstrap.php on line 412
[2026-04-16 08:12:13] ERROR: View rendering error for 'common/errors': Template not found: common/errors (namespace: admin)
[2026-04-16 08:13:50] ERROR: Layout 'settings_index' not found. in /Users/macvn/Documents/www/laragon.net/system/Core/Bootstrap.php on line 412
[2026-04-16 08:13:50] ERROR: View rendering error for 'common/errors': Template not found: common/errors (namespace: admin)
[2026-04-16 08:13:51] ERROR: Layout 'settings_index' not found. in /Users/macvn/Documents/www/laragon.net/system/Core/Bootstrap.php on line 412
[2026-04-16 08:13:51] ERROR: View rendering error for 'common/errors': Template not found: common/errors (namespace: admin)
[2026-04-16 08:14:05] ERROR: Layout 'settings_index' not found. in /Users/macvn/Documents/www/laragon.net/system/Core/Bootstrap.php on line 412
[2026-04-16 08:14:05] ERROR: View rendering error for 'common/errors': Template not found: common/errors (namespace: admin)
[2026-04-16 08:14:08] ERROR: Layout 'options_lists' not found. in /Users/macvn/Documents/www/laragon.net/system/Core/Bootstrap.php on line 412
[2026-04-16 08:14:08] ERROR: View rendering error for 'common/errors': Template not found: common/errors (namespace: admin)
[2026-04-16 08:14:09] ERROR: Layout 'options_lists' not found. in /Users/macvn/Documents/www/laragon.net/system/Core/Bootstrap.php on line 412
[2026-04-16 08:14:09] ERROR: View rendering error for 'common/errors': Template not found: common/errors (namespace: admin)
[2026-04-16 08:14:09] ERROR: Layout 'options_lists' not found. in /Users/macvn/Documents/www/laragon.net/system/Core/Bootstrap.php on line 412
[2026-04-16 08:14:09] ERROR: View rendering error for 'common/errors': Template not found: common/errors (namespace: admin)
[2026-04-16 08:14:10] ERROR: Layout 'options_lists' not found. in /Users/macvn/Documents/www/laragon.net/system/Core/Bootstrap.php on line 412
[2026-04-16 08:14:10] ERROR: View rendering error for 'common/errors': Template not found: common/errors (namespace: admin)
[2026-04-16 08:14:10] ERROR: Layout 'options_lists' not found. in /Users/macvn/Documents/www/laragon.net/system/Core/Bootstrap.php on line 412
[2026-04-16 08:14:10] ERROR: View rendering error for 'common/errors': Template not found: common/errors (namespace: admin)
[2026-04-16 08:14:10] ERROR: Layout 'options_lists' not found. in /Users/macvn/Documents/www/laragon.net/system/Core/Bootstrap.php on line 412
[2026-04-16 08:14:10] ERROR: View rendering error for 'common/errors': Template not found: common/errors (namespace: admin)
[2026-04-16 08:14:13] ERROR: Layout 'options_lists' not found. in /Users/macvn/Documents/www/laragon.net/system/Core/Bootstrap.php on line 412
[2026-04-16 08:14:13] ERROR: View rendering error for 'common/errors': Template not found: common/errors (namespace: admin)
[2026-04-16 08:14:14] ERROR: Layout 'options_lists' not found. in /Users/macvn/Documents/www/laragon.net/system/Core/Bootstrap.php on line 412
[2026-04-16 08:14:14] ERROR: View rendering error for 'common/errors': Template not found: common/errors (namespace: admin)
[2026-04-16 08:14:15] ERROR: Layout 'options_lists' not found. in /Users/macvn/Documents/www/laragon.net/system/Core/Bootstrap.php on line 412
[2026-04-16 08:14:15] ERROR: View rendering error for 'common/errors': Template not found: common/errors (namespace: admin)
[2026-04-16 08:14:47] ERROR: Layout 'users_index' not found. in /Users/macvn/Documents/www/laragon.net/system/Core/Bootstrap.php on line 412
[2026-04-16 08:14:47] ERROR: View rendering error for 'common/errors': Template not found: common/errors (namespace: admin)
[2026-04-16 08:14:48] ERROR: Layout 'users_index' not found. in /Users/macvn/Documents/www/laragon.net/system/Core/Bootstrap.php on line 412
[2026-04-16 08:14:48] ERROR: View rendering error for 'common/errors': Template not found: common/errors (namespace: admin)
[2026-04-16 08:16:38] ERROR: Layout 'posts_add' not found. in /Users/macvn/Documents/www/laragon.net/system/Core/Bootstrap.php on line 412
[2026-04-16 08:16:38] ERROR: View rendering error for 'common/errors': Template not found: common/errors (namespace: admin)
[2026-04-16 08:16:39] ERROR: Layout 'posts_add' not found. in /Users/macvn/Documents/www/laragon.net/system/Core/Bootstrap.php on line 412
[2026-04-16 08:16:39] ERROR: View rendering error for 'common/errors': Template not found: common/errors (namespace: admin)
[2026-04-16 08:17:24] ERROR: Layout 'posts_add' not found. in /Users/macvn/Documents/www/laragon.net/system/Core/Bootstrap.php on line 412
[2026-04-16 08:17:24] ERROR: View rendering error for 'common/errors': Template not found: common/errors (namespace: admin)
[2026-04-16 08:17:25] ERROR: Layout 'posts_add' not found. in /Users/macvn/Documents/www/laragon.net/system/Core/Bootstrap.php on line 412
[2026-04-16 08:17:25] ERROR: View rendering error for 'common/errors': Template not found: common/errors (namespace: admin)
[2026-04-18 21:02:55] ERROR: Acfields License: Cannot reach API (HTTP: 0, Error: SSL certificate problem: certificate has expired)
[2026-04-18 22:16:19] ERROR: Asset Manager: Dependency 'cmsfullform-404-shell' not found for style 'cmsfullform-404-page'
[2026-04-18 22:19:06] ERROR: Asset Manager: Dependency 'cmsfullform-404-shell' not found for style 'cmsfullform-404-page'
[2026-04-18 22:22:43] ERROR: Asset Manager: Dependency 'cmsfullform-404-shell' not found for style 'cmsfullform-404-page'
[2026-04-18 22:24:44] ERROR: Asset Manager: Dependency 'cmsfullform-404-shell' not found for style 'cmsfullform-404-page'
[2026-04-18 22:25:50] ERROR: Asset Manager: Dependency 'cmsfullform-404-shell' not found for style 'cmsfullform-404-page'
[2026-04-18 22:26:25] ERROR: Asset Manager: Dependency 'cmsfullform-404-shell' not found for style 'cmsfullform-404-page'
[2026-04-18 22:27:49] ERROR: Asset Manager: Dependency 'cmsfullform-404-shell' not found for style 'cmsfullform-404-page'
[2026-04-18 22:29:22] ERROR: Asset Manager: Dependency 'cmsfullform-404-shell' not found for style 'cmsfullform-404-page'
[2026-04-18 22:30:27] ERROR: Asset Manager: Dependency 'cmsfullform-404-shell' not found for style 'cmsfullform-404-page'
[2026-04-23 10:23:59] ERROR: Asset Manager: Dependency 'cmsfullform-404-shell' not found for style 'cmsfullform-404-page'
[2026-04-23 10:25:22] ERROR: Asset Manager: Dependency 'cmsfullform-404-shell' not found for style 'cmsfullform-404-page'
[2026-04-23 10:25:22] ERROR: Asset Manager: Dependency 'cmsfullform-404-shell' not found for style 'cmsfullform-404-page'
[2026-04-23 10:25:22] ERROR: Asset Manager: Dependency 'cmsfullform-404-shell' not found for style 'cmsfullform-404-page'
[2026-04-23 10:25:22] ERROR: Asset Manager: Dependency 'cmsfullform-404-shell' not found for style 'cmsfullform-404-page'
[2026-04-23 10:25:22] ERROR: Asset Manager: Dependency 'cmsfullform-404-shell' not found for style 'cmsfullform-404-page'
[2026-04-23 10:25:23] ERROR: Asset Manager: Dependency 'cmsfullform-404-shell' not found for style 'cmsfullform-404-page'
[2026-04-23 10:25:23] ERROR: Asset Manager: Dependency 'cmsfullform-404-shell' not found for style 'cmsfullform-404-page'
[2026-04-23 10:25:23] ERROR: Asset Manager: Dependency 'cmsfullform-404-shell' not found for style 'cmsfullform-404-page'
[2026-04-23 10:25:23] ERROR: Asset Manager: Dependency 'cmsfullform-404-shell' not found for style 'cmsfullform-404-page'
[2026-04-23 10:25:23] ERROR: Asset Manager: Dependency 'cmsfullform-404-shell' not found for style 'cmsfullform-404-page'
[2026-04-23 10:31:34] ERROR: View rendering error for 'index': Template not found: index (namespace: web)
[2026-04-23 10:31:54] ERROR: View rendering error for 'index': Template not found: index (namespace: web)
[2026-04-23 10:32:05] ERROR: Asset Manager: Dependency 'cmsfullform-404-shell' not found for style 'cmsfullform-404-page'
[2026-04-23 10:32:05] ERROR: Asset Manager: Dependency 'cmsfullform-404-shell' not found for style 'cmsfullform-404-page'
[2026-04-23 10:32:05] ERROR: Asset Manager: Dependency 'cmsfullform-404-shell' not found for style 'cmsfullform-404-page'
[2026-04-23 10:32:05] ERROR: Asset Manager: Dependency 'cmsfullform-404-shell' not found for style 'cmsfullform-404-page'
[2026-04-23 10:32:05] ERROR: Asset Manager: Dependency 'cmsfullform-404-shell' not found for style 'cmsfullform-404-page'
[2026-04-23 10:32:42] ERROR: View rendering error for 'index': Template not found: index (namespace: web)
[2026-04-23 10:32:56] ERROR: Asset Manager: Dependency 'cmsfullform-404-shell' not found for style 'cmsfullform-404-page'
[2026-04-23 10:32:56] ERROR: Asset Manager: Dependency 'cmsfullform-404-shell' not found for style 'cmsfullform-404-page'
[2026-04-23 10:32:56] ERROR: Asset Manager: Dependency 'cmsfullform-404-shell' not found for style 'cmsfullform-404-page'
[2026-04-23 10:32:56] ERROR: Asset Manager: Dependency 'cmsfullform-404-shell' not found for style 'cmsfullform-404-page'
[2026-04-23 10:32:56] ERROR: Asset Manager: Dependency 'cmsfullform-404-shell' not found for style 'cmsfullform-404-page'
[2026-04-23 10:33:23] ERROR: View rendering error for 'index': Template not found: index (namespace: web)
[2026-04-23 10:33:29] ERROR: View rendering error for 'index': Template not found: index (namespace: web)
[2026-04-23 10:33:30] ERROR: View rendering error for 'index': Template not found: index (namespace: web)
[2026-04-23 10:33:30] ERROR: View rendering error for 'index': Template not found: index (namespace: web)
[2026-04-23 10:33:35] ERROR: View rendering error for 'index': Template not found: index (namespace: web)
[2026-04-23 10:33:45] ERROR: Asset Manager: Dependency 'cmsfullform-404-shell' not found for style 'cmsfullform-404-page'
[2026-04-23 10:33:45] ERROR: Asset Manager: Dependency 'cmsfullform-404-shell' not found for style 'cmsfullform-404-page'
[2026-04-23 10:33:45] ERROR: Asset Manager: Dependency 'cmsfullform-404-shell' not found for style 'cmsfullform-404-page'
[2026-04-23 10:33:45] ERROR: Asset Manager: Dependency 'cmsfullform-404-shell' not found for style 'cmsfullform-404-page'
[2026-04-23 10:33:45] ERROR: Asset Manager: Dependency 'cmsfullform-404-shell' not found for style 'cmsfullform-404-page'
[2026-04-23 10:35:46] ERROR: Asset Manager: Dependency 'cmsfullform-404-shell' not found for style 'cmsfullform-404-page'
[2026-04-23 10:35:46] ERROR: Asset Manager: Dependency 'cmsfullform-404-shell' not found for style 'cmsfullform-404-page'
[2026-04-23 10:35:47] ERROR: Asset Manager: Dependency 'cmsfullform-404-shell' not found for style 'cmsfullform-404-page'
[2026-04-23 10:35:47] ERROR: Asset Manager: Dependency 'cmsfullform-404-shell' not found for style 'cmsfullform-404-page'
[2026-04-23 10:35:47] ERROR: Asset Manager: Dependency 'cmsfullform-404-shell' not found for style 'cmsfullform-404-page'
[2026-04-23 10:35:48] ERROR: Asset Manager: Dependency 'cmsfullform-404-shell' not found for style 'cmsfullform-404-page'
[2026-04-23 10:35:48] ERROR: Asset Manager: Dependency 'cmsfullform-404-shell' not found for style 'cmsfullform-404-page'
[2026-04-23 10:35:48] ERROR: Asset Manager: Dependency 'cmsfullform-404-shell' not found for style 'cmsfullform-404-page'
[2026-04-23 10:35:48] ERROR: Asset Manager: Dependency 'cmsfullform-404-shell' not found for style 'cmsfullform-404-page'
[2026-04-23 10:35:48] ERROR: Asset Manager: Dependency 'cmsfullform-404-shell' not found for style 'cmsfullform-404-page'
[2026-04-23 10:35:48] ERROR: Asset Manager: Dependency 'cmsfullform-404-shell' not found for style 'cmsfullform-404-page'
[2026-04-23 10:35:48] ERROR: Asset Manager: Dependency 'cmsfullform-404-shell' not found for style 'cmsfullform-404-page'
[2026-04-23 10:35:48] ERROR: Asset Manager: Dependency 'cmsfullform-404-shell' not found for style 'cmsfullform-404-page'
[2026-04-23 10:35:48] ERROR: Asset Manager: Dependency 'cmsfullform-404-shell' not found for style 'cmsfullform-404-page'
[2026-04-23 10:35:48] ERROR: Asset Manager: Dependency 'cmsfullform-404-shell' not found for style 'cmsfullform-404-page'
[2026-04-23 10:35:48] ERROR: Asset Manager: Dependency 'cmsfullform-404-shell' not found for style 'cmsfullform-404-page'
[2026-04-23 10:35:48] ERROR: Asset Manager: Dependency 'cmsfullform-404-shell' not found for style 'cmsfullform-404-page'
[2026-04-23 10:35:48] ERROR: Asset Manager: Dependency 'cmsfullform-404-shell' not found for style 'cmsfullform-404-page'
[2026-04-23 10:35:49] ERROR: Asset Manager: Dependency 'cmsfullform-404-shell' not found for style 'cmsfullform-404-page'
[2026-04-23 10:35:49] ERROR: Asset Manager: Dependency 'cmsfullform-404-shell' not found for style 'cmsfullform-404-page'
[2026-04-23 10:35:49] ERROR: Asset Manager: Dependency 'cmsfullform-404-shell' not found for style 'cmsfullform-404-page'
[2026-04-23 10:35:49] ERROR: Asset Manager: Dependency 'cmsfullform-404-shell' not found for style 'cmsfullform-404-page'
[2026-04-23 10:35:49] ERROR: Asset Manager: Dependency 'cmsfullform-404-shell' not found for style 'cmsfullform-404-page'
[2026-04-23 10:35:49] ERROR: Asset Manager: Dependency 'cmsfullform-404-shell' not found for style 'cmsfullform-404-page'
[2026-04-23 10:35:49] ERROR: Asset Manager: Dependency 'cmsfullform-404-shell' not found for style 'cmsfullform-404-page'
[2026-04-23 10:35:49] ERROR: Asset Manager: Dependency 'cmsfullform-404-shell' not found for style 'cmsfullform-404-page'
[2026-04-23 10:35:49] ERROR: Asset Manager: Dependency 'cmsfullform-404-shell' not found for style 'cmsfullform-404-page'
[2026-04-23 10:35:49] ERROR: Asset Manager: Dependency 'cmsfullform-404-shell' not found for style 'cmsfullform-404-page'
[2026-04-23 10:35:49] ERROR: Asset Manager: Dependency 'cmsfullform-404-shell' not found for style 'cmsfullform-404-page'
[2026-04-23 10:35:49] ERROR: Asset Manager: Dependency 'cmsfullform-404-shell' not found for style 'cmsfullform-404-page'
[2026-04-23 14:03:25] ERROR: Asset Manager: Dependency 'cmsfullform-404-shell' not found for style 'cmsfullform-404-page'
[2026-04-23 14:03:25] ERROR: Asset Manager: Dependency 'cmsfullform-404-shell' not found for style 'cmsfullform-404-page'
[2026-04-23 14:03:25] ERROR: Asset Manager: Dependency 'cmsfullform-404-shell' not found for style 'cmsfullform-404-page'
[2026-04-23 14:03:25] ERROR: Asset Manager: Dependency 'cmsfullform-404-shell' not found for style 'cmsfullform-404-page'
[2026-04-23 14:03:25] ERROR: Asset Manager: Dependency 'cmsfullform-404-shell' not found for style 'cmsfullform-404-page'
[2026-04-23 15:20:10] ERROR: Asset Manager: Dependency 'cmsfullform-404-shell' not found for style 'cmsfullform-404-page'
[2026-04-23 15:20:10] ERROR: Asset Manager: Dependency 'cmsfullform-404-shell' not found for style 'cmsfullform-404-page'
[2026-04-23 15:20:10] ERROR: Asset Manager: Dependency 'cmsfullform-404-shell' not found for style 'cmsfullform-404-page'
[2026-04-23 15:20:10] ERROR: Asset Manager: Dependency 'cmsfullform-404-shell' not found for style 'cmsfullform-404-page'
[2026-04-23 15:20:10] ERROR: Asset Manager: Dependency 'cmsfullform-404-shell' not found for style 'cmsfullform-404-page'
[2026-04-23 15:21:23] ERROR: Asset Manager: Dependency 'cmsfullform-404-shell' not found for style 'cmsfullform-404-page'
[2026-04-23 15:21:23] ERROR: Asset Manager: Dependency 'cmsfullform-404-shell' not found for style 'cmsfullform-404-page'
[2026-04-23 15:21:27] ERROR: Asset Manager: Dependency 'cmsfullform-404-shell' not found for style 'cmsfullform-404-page'
[2026-04-23 15:21:32] ERROR: View rendering error for '404': Template not found: 404 (namespace: web)
[2026-04-23 15:21:51] ERROR: View rendering error for '404': Template not found: 404 (namespace: web)
[2026-04-23 15:21:56] ERROR: View rendering error for '404': Template not found: 404 (namespace: web)
[2026-04-23 16:00:52] ERROR: View rendering error for 'index': Template not found: index (namespace: web)
[2026-04-23 16:01:30] ERROR: View rendering error for 'index': Template not found: index (namespace: web)
[2026-04-23 16:02:58] ERROR: View rendering error for 'index': Template not found: index (namespace: web)
[2026-04-23 16:03:00] ERROR: View rendering error for 'index': Template not found: index (namespace: web)
[2026-04-23 16:03:53] ERROR: View rendering error for 'index': Template not found: index (namespace: web)
[2026-04-23 16:04:03] ERROR: View rendering error for '404': Template not found: 404 (namespace: web)
[2026-04-23 16:04:03] ERROR: View rendering error for '404': Template not found: 404 (namespace: web)
[2026-04-23 16:04:08] ERROR: View rendering error for '404': Template not found: 404 (namespace: web)
[2026-04-23 16:04:08] ERROR: View rendering error for '404': Template not found: 404 (namespace: web)
[2026-04-24 13:12:29] ERROR: View rendering error for 'index': Template not found: index (namespace: web)
[2026-04-24 13:12:31] ERROR: View rendering error for 'index': Template not found: index (namespace: web)
[2026-04-24 13:12:32] ERROR: View rendering error for 'index': Template not found: index (namespace: web)
[2026-04-24 13:12:33] ERROR: View rendering error for 'index': Template not found: index (namespace: web)
[2026-04-24 13:12:33] ERROR: View rendering error for 'index': Template not found: index (namespace: web)
[2026-04-24 13:46:42] ERROR: View::include 'parts/documentation/documentation-tabs': Template 'parts/documentation/documentation-tabs' not found (namespace: web).
[2026-04-24 13:46:43] ERROR: View::include 'parts/documentation/documentation-tabs': Template 'parts/documentation/documentation-tabs' not found (namespace: web).
[2026-04-24 13:51:14] ERROR: View::include 'parts/documentation/documentation-tabs': Template 'parts/documentation/documentation-tabs' not found (namespace: web).
[2026-04-24 13:51:21] ERROR: View::include 'parts/documentation/documentation-tabs': Template 'parts/documentation/documentation-tabs' not found (namespace: web).
[2026-04-24 13:51:23] ERROR: View::include 'parts/documentation/documentation-tabs': Template 'parts/documentation/documentation-tabs' not found (namespace: web).
[2026-04-24 13:51:24] ERROR: View::include 'parts/documentation/documentation-tabs': Template 'parts/documentation/documentation-tabs' not found (namespace: web).
[2026-04-24 14:03:24] ERROR: View::include 'parts/documentation/documentation-tabs': Template 'parts/documentation/documentation-tabs' not found (namespace: web).
[2026-04-24 14:03:26] ERROR: View::include 'parts/documentation/documentation-tabs': Template 'parts/documentation/documentation-tabs' not found (namespace: web).
[2026-04-24 14:03:26] ERROR: View::include 'parts/documentation/documentation-tabs': Template 'parts/documentation/documentation-tabs' not found (namespace: web).
[2026-04-24 14:53:20] ERROR: View::include 'parts/documentation/documentation-tabs': Template 'parts/documentation/documentation-tabs' not found (namespace: web).
[2026-04-25 10:47:57] ERROR: View::include 'parts/headers/menu-mobi': syntax error, unexpected token "elseif"
[2026-04-25 10:47:57] ERROR: View::includeIf error for 'footer': syntax error, unexpected token "elseif"
[2026-04-25 10:48:00] ERROR: View::include 'parts/headers/menu-mobi': syntax error, unexpected token "elseif"
[2026-04-25 10:48:00] ERROR: View::includeIf error for 'footer': syntax error, unexpected token "elseif"
[2026-04-25 13:56:27] ERROR: View::include 'parts/headers/menu-mobi': syntax error, unexpected token "<"
[2026-04-25 13:56:27] ERROR: View::include 'parts/social/social-links': syntax error, unexpected token "<"
[2026-04-25 13:56:27] ERROR: View::include 'parts/social/social-links': syntax error, unexpected token "<"
[2026-04-25 13:56:27] ERROR: View::includeIf error for 'footer': syntax error, unexpected token "<"
[2026-04-25 13:56:40] ERROR: View::include 'parts/headers/menu-mobi': syntax error, unexpected token "<"
[2026-04-25 13:56:40] ERROR: View::include 'parts/social/social-links': syntax error, unexpected token "<"
[2026-04-25 13:56:40] ERROR: View::include 'parts/social/social-links': syntax error, unexpected token "<"
[2026-04-25 13:56:40] ERROR: View::includeIf error for 'footer': syntax error, unexpected token "<"
[2026-04-25 14:51:11] ERROR: View::includeIf error for 'header': Call to undefined method System\Libraries\Render\Head\Builder::sectionFromCategoryPayload()
